<?xml version="1.0" encoding="UTF-8"?>
<!-- Generated by org.testng.reporters.JUnitXMLReporter -->
<testsuite ignored="0" hostname="LAPTOP-E956GLFD" failures="0" tests="3" name="SAUCE_TEST" time="19.124" errors="0" timestamp="2021-07-11T20:19:02 IST">
  <testcase classname="com.janbask.sauceDemo.Sauce_login" name="login" time="6.803"/>
  <testcase classname="com.janbask.sauceDemo.Sauce_AddToCart" name="AddtoCart" time="6.175"/>
  <testcase classname="com.janbask.sauceDemo.Sauce_LogOut" name="logout" time="6.072"/>
</testsuite> <!-- SAUCE_TEST -->
