<?xml version="1.0" encoding="UTF-8"?>
<!-- Generated by org.testng.reporters.JUnitXMLReporter -->
<testsuite ignored="0" hostname="LAPTOP-E956GLFD" failures="1" tests="4" name="Test" time="73.17" errors="0" timestamp="2021-07-17T21:17:16 IST">
  <testcase classname="com.crm.tests.LoginTest" name="logintest" time="6.685"/>
  <testcase classname="com.crm.tests.LoginTest" name="invalidlogintest" time="9.656">
    <failure type="java.lang.AssertionError" message="expected [Invalid login1] but found [Invalid login]">
      <![CDATA[java.lang.AssertionError: expected [Invalid login1] but found [Invalid login]
at com.crm.tests.LoginTest.invalidlogintest(LoginTest.java:52)
at java.base/java.util.ArrayList.forEach(ArrayList.java:1511)
... Removed 33 stack frames]]>
    </failure>
  </testcase> <!-- invalidlogintest -->
  <testcase classname="com.crm.tests.ContactsTest" name="contactsTest" time="18.217"/>
  <testcase classname="com.crm.tests.FormsTest" name="formTest" time="23.456"/>
</testsuite> <!-- Test -->
