<?xml version="1.0" encoding="UTF-8"?>
<testng-results skipped="0" failed="0" ignored="0" total="1" passed="1">
  <reporter-output>
  </reporter-output>
  <suite name="Surefire suite" duration-ms="16186" started-at="2021-07-24T20:45:40 IST" finished-at="2021-07-24T20:45:56 IST">
    <groups>
    </groups>
    <test name="Surefire test" duration-ms="16186" started-at="2021-07-24T20:45:40 IST" finished-at="2021-07-24T20:45:56 IST">
      <class name="Tests.Form_Test">
        <test-method status="PASS" signature="intialization()[pri:0, instance:Tests.Form_Test@548d708a]" name="intialization" is-config="true" duration-ms="7824" started-at="2021-07-24T20:45:40 IST" finished-at="2021-07-24T20:45:48 IST">
          <reporter-output>
          </reporter-output>
        </test-method> <!-- intialization -->
        <test-method status="PASS" signature="forms_test()[pri:0, instance:Tests.Form_Test@548d708a]" name="forms_test" duration-ms="8294" started-at="2021-07-24T20:45:48 IST" finished-at="2021-07-24T20:45:56 IST">
          <reporter-output>
          </reporter-output>
        </test-method> <!-- forms_test -->
      </class> <!-- Tests.Form_Test -->
    </test> <!-- Surefire test -->
  </suite> <!-- Surefire suite -->
</testng-results>
