<?xml version="1.0" encoding="UTF-8"?>
<testsuite xmlns:xsi="http://www.w3.org/2001/XMLSchema-instance" xsi:noNamespaceSchemaLocation="https://maven.apache.org/surefire/maven-surefire-plugin/xsd/surefire-test-report.xsd" name="com.janbask.bdd.Test_Runner" time="0.88" tests="24" errors="0" skipped="0" failures="0">
  <properties>
[...]
</properties>
  <testcase name="Given server is running" classname="Scenario: Login to application" time="0.003"/>
  <testcase name="And I username and password is created" classname="Scenario: Login to application" time="0"/>
  <testcase name="Given Enter the &quot;http://www.gmail.com&quot; of the application" classname="Scenario: Login to application" time="0"/>
  <testcase name="When Enter the username &quot;admin&quot;" classname="Scenario: Login to application" time="0"/>
  <testcase name="When Enter the  password &quot;admin123&quot;" classname="Scenario: Login to application" time="0"/>
  <testcase name="And Click Submit" classname="Scenario: Login to application" time="0"/>
  <testcase name="Then Login Successful" classname="Scenario: Login to application" time="0"/>
  <testcase name="Scenario: Login to application" classname="Scenario: Login to application" time="0.001"/>
  <testcase name="Given server is running" classname="| joe | joe | http://www.hotmail.com |" time="0"/>
  <testcase name="And I username and password is created" classname="| joe | joe | http://www.hotmail.com |" time="0"/>
  <testcase name="Given Enter the &quot;http://www.hotmail.com&quot; of the application" classname="| joe | joe | http://www.hotmail.com |" time="0"/>
  <testcase name="When Enter the username &quot;joe&quot;" classname="| joe | joe | http://www.hotmail.com |" time="0"/>
  <testcase name="When Enter the  password &quot;joe&quot;" classname="| joe | joe | http://www.hotmail.com |" time="0"/>
  <testcase name="And Click Submit" classname="| joe | joe | http://www.hotmail.com |" time="0"/>
  <testcase name="Then Login Successful" classname="| joe | joe | http://www.hotmail.com |" time="0"/>
  <testcase name="| joe | joe | http://www.hotmail.com |" classname="| joe | joe | http://www.hotmail.com |" time="0.001"/>
  <testcase name="Given server is running" classname="| mark | pwd123 | http://www.bing.com |" time="0"/>
  <testcase name="And I username and password is created" classname="| mark | pwd123 | http://www.bing.com |" time="0"/>
  <testcase name="Given Enter the &quot;http://www.bing.com&quot; of the application" classname="| mark | pwd123 | http://www.bing.com |" time="0"/>
  <testcase name="When Enter the username &quot;mark&quot;" classname="| mark | pwd123 | http://www.bing.com |" time="0"/>
  <testcase name="When Enter the  password &quot;pwd123&quot;" classname="| mark | pwd123 | http://www.bing.com |" time="0"/>
  <testcase name="And Click Submit" classname="| mark | pwd123 | http://www.bing.com |" time="0"/>
  <testcase name="Then Login Successful" classname="| mark | pwd123 | http://www.bing.com |" time="0"/>
  <testcase name="| mark | pwd123 | http://www.bing.com |" classname="| mark | pwd123 | http://www.bing.com |" time="0.001"/>
</testsuite>